c:\users\jimmy\documents\pong\pong\pong\x64\debug\vc143.pdb
c:\users\jimmy\documents\pong\pong\pong\x64\debug\vc143.idb
c:\users\jimmy\documents\pong\pong\pong\x64\debug\paddle.obj
c:\users\jimmy\documents\pong\pong\pong\x64\debug\main.obj
c:\users\jimmy\documents\pong\pong\pong\x64\debug\game.obj
c:\users\jimmy\documents\pong\pong\pong\x64\debug\ball.obj
c:\users\jimmy\documents\pong\pong\x64\debug\pong.pdb
c:\users\jimmy\documents\pong\pong\pong\x64\debug\pong.tlog\cl.command.1.tlog
c:\users\jimmy\documents\pong\pong\pong\x64\debug\pong.tlog\cl.read.1.tlog
c:\users\jimmy\documents\pong\pong\pong\x64\debug\pong.tlog\cl.write.1.tlog
c:\users\jimmy\documents\pong\pong\pong\x64\debug\pong.tlog\link-cvtres.read.1.tlog
c:\users\jimmy\documents\pong\pong\pong\x64\debug\pong.tlog\link-cvtres.write.1.tlog
c:\users\jimmy\documents\pong\pong\pong\x64\debug\pong.tlog\link-rc.read.1.tlog
c:\users\jimmy\documents\pong\pong\pong\x64\debug\pong.tlog\link-rc.write.1.tlog
c:\users\jimmy\documents\pong\pong\pong\x64\debug\pong.tlog\link.command.1.tlog
c:\users\jimmy\documents\pong\pong\pong\x64\debug\pong.tlog\link.read.1.tlog
c:\users\jimmy\documents\pong\pong\pong\x64\debug\pong.tlog\link.read.2.tlog
c:\users\jimmy\documents\pong\pong\pong\x64\debug\pong.tlog\link.read.3.tlog
c:\users\jimmy\documents\pong\pong\pong\x64\debug\pong.tlog\link.read.4.tlog
c:\users\jimmy\documents\pong\pong\pong\x64\debug\pong.tlog\link.write.1.tlog
